Determining if the pthread_create exist failed with the following output:
Change Dir: /home/kakaroto/CLionProjects/ce4302_Project1/cmake-build-debug/CMakeFiles/CMakeTmp

Run Build Command:"/usr/bin/make" "cmTC_9cff2/fast"
/usr/bin/make -f CMakeFiles/cmTC_9cff2.dir/build.make CMakeFiles/cmTC_9cff2.dir/build
make[1]: Entering directory '/home/kakaroto/CLionProjects/ce4302_Project1/cmake-build-debug/CMakeFiles/CMakeTmp'
Building C object CMakeFiles/cmTC_9cff2.dir/CheckSymbolExists.c.o
/usr/bin/cc    -o CMakeFiles/cmTC_9cff2.dir/CheckSymbolExists.c.o   -c /home/kakaroto/CLionProjects/ce4302_Project1/cmake-build-debug/CMakeFiles/CMakeTmp/CheckSymbolExists.c
Linking C executable cmTC_9cff2
/home/kakaroto/Downloads/CLion-2018.2.1/clion-2018.2.1/bin/cmake/linux/bin/cmake -E cmake_link_script CMakeFiles/cmTC_9cff2.dir/link.txt --verbose=1
/usr/bin/cc      CMakeFiles/cmTC_9cff2.dir/CheckSymbolExists.c.o  -o cmTC_9cff2 
CMakeFiles/cmTC_9cff2.dir/CheckSymbolExists.c.o: In function `main':
CheckSymbolExists.c:(.text+0x1b): undefined reference to `pthread_create'
collect2: error: ld returned 1 exit status
CMakeFiles/cmTC_9cff2.dir/build.make:86: recipe for target 'cmTC_9cff2' failed
make[1]: *** [cmTC_9cff2] Error 1
make[1]: Leaving directory '/home/kakaroto/CLionProjects/ce4302_Project1/cmake-build-debug/CMakeFiles/CMakeTmp'
Makefile:121: recipe for target 'cmTC_9cff2/fast' failed
make: *** [cmTC_9cff2/fast] Error 2

File /home/kakaroto/CLionProjects/ce4302_Project1/cmake-build-debug/CMakeFiles/CMakeTmp/CheckSymbolExists.c:
/* */
#include <pthread.h>

int main(int argc, char** argv)
{
  (void)argv;
#ifndef pthread_create
  return ((int*)(&pthread_create))[argc];
#else
  (void)argc;
  return 0;
#endif
}

