Determining if the pthread_create exist failed with the following output:
Change Dir: /home/kakaroto/CLionProjects/ce4302_Project1/build/CMakeFiles/CMakeTmp

Run Build Command:"/usr/bin/make" "cmTC_53b0d/fast"
/usr/bin/make -f CMakeFiles/cmTC_53b0d.dir/build.make CMakeFiles/cmTC_53b0d.dir/build
make[1]: Entering directory '/home/kakaroto/CLionProjects/ce4302_Project1/build/CMakeFiles/CMakeTmp'
Building C object CMakeFiles/cmTC_53b0d.dir/CheckSymbolExists.c.o
/usr/bin/cc    -o CMakeFiles/cmTC_53b0d.dir/CheckSymbolExists.c.o   -c /home/kakaroto/CLionProjects/ce4302_Project1/build/CMakeFiles/CMakeTmp/CheckSymbolExists.c
Linking C executable cmTC_53b0d
/home/kakaroto/.local/lib/python2.7/site-packages/cmake/data/bin/cmake -E cmake_link_script CMakeFiles/cmTC_53b0d.dir/link.txt --verbose=1
/usr/bin/cc      CMakeFiles/cmTC_53b0d.dir/CheckSymbolExists.c.o  -o cmTC_53b0d 
CMakeFiles/cmTC_53b0d.dir/CheckSymbolExists.c.o: In function `main':
CheckSymbolExists.c:(.text+0x1b): undefined reference to `pthread_create'
collect2: error: ld returned 1 exit status
CMakeFiles/cmTC_53b0d.dir/build.make:86: recipe for target 'cmTC_53b0d' failed
make[1]: *** [cmTC_53b0d] Error 1
make[1]: Leaving directory '/home/kakaroto/CLionProjects/ce4302_Project1/build/CMakeFiles/CMakeTmp'
Makefile:121: recipe for target 'cmTC_53b0d/fast' failed
make: *** [cmTC_53b0d/fast] Error 2

File /home/kakaroto/CLionProjects/ce4302_Project1/build/CMakeFiles/CMakeTmp/CheckSymbolExists.c:
/* */
#include <pthread.h>

int main(int argc, char** argv)
{
  (void)argv;
#ifndef pthread_create
  return ((int*)(&pthread_create))[argc];
#else
  (void)argc;
  return 0;
#endif
}

